{
  "RSpec": {
    "coverage": {
      "/Users/ryansmith/Turing/5mod/take_home/bitly/the_clickening/spec/encodes_file_reader_spec.rb": {
        "lines": [
          1,
          null,
          1,
          4,
          null,
          1,
          1,
          null,
          null,
          1,
          1,
          null,
          null,
          1,
          1,
          1,
          null,
          null
        ]
      },
      "/Users/ryansmith/Turing/5mod/take_home/bitly/the_clickening/lib/encodes_file_reader.rb": {
        "lines": [
          1,
          1,
          1,
          1,
          null,
          1,
          3,
          21,
          null,
          null
        ]
      },
      "/Users/ryansmith/Turing/5mod/take_home/bitly/the_clickening/lib/encode.rb": {
        "lines": [
          1,
          1,
          null,
          null,
          null,
          1,
          18,
          18,
          18,
          null,
          null
        ]
      }
    },
    "timestamp": 1682450829
  }
}
