{
  "RSpec": {
    "coverage": {
      "/Users/ryansmith/Turing/5mod/take_home/bitly/the_clickening/spec/encode_spec.rb": {
        "lines": [
          1,
          1,
          null,
          1,
          null,
          1,
          null,
          null,
          null,
          null,
          4,
          null,
          1,
          1,
          1,
          null,
          null,
          1,
          1,
          1,
          1,
          1,
          null,
          null,
          1,
          1,
          null,
          null,
          null
        ]
      },
      "/Users/ryansmith/Turing/5mod/take_home/bitly/the_clickening/lib/encode.rb": {
        "lines": [
          1,
          1,
          null,
          null,
          null,
          null,
          1,
          33,
          33,
          33,
          33,
          null,
          null
        ]
      },
      "/Users/ryansmith/Turing/5mod/take_home/bitly/the_clickening/spec/encodes_file_reader_spec.rb": {
        "lines": [
          1,
          1,
          null,
          1,
          6,
          2,
          null,
          1,
          1,
          1,
          null,
          null,
          1,
          1,
          null,
          null,
          1,
          1,
          1,
          null,
          null,
          1,
          1,
          null,
          null,
          1,
          1,
          1,
          null,
          null,
          null,
          1,
          1,
          2,
          null,
          null,
          null
        ]
      },
      "/Users/ryansmith/Turing/5mod/take_home/bitly/the_clickening/lib/encodes_file_reader.rb": {
        "lines": [
          1,
          1,
          1,
          1,
          null,
          1,
          6,
          5,
          30,
          30,
          30,
          null,
          null,
          null
        ]
      }
    },
    "timestamp": 1682452654
  }
}
